<?xml version="1.0" encoding="UTF-8"?>
<testng-results ignored="0" total="2" passed="2" failed="0" skipped="0">
  <reporter-output>
  </reporter-output>
  <suite started-at="2024-01-23T12:41:28 IST" name="Default suite" finished-at="2024-01-23T12:41:45 IST" duration-ms="16214">
    <groups>
    </groups>
    <test started-at="2024-01-23T12:41:28 IST" name="Default test" finished-at="2024-01-23T12:41:45 IST" duration-ms="16214">
      <class name="com.ccrm.qa.testcases.LoginPageTest">
        <test-method is-config="true" signature="setUp()[pri:0, instance:com.ccrm.qa.testcases.LoginPageTest@4d5d943d]" started-at="2024-01-23T12:41:28 IST" name="setUp" finished-at="2024-01-23T12:41:37 IST" duration-ms="8180" status="PASS">
          <reporter-output>
          </reporter-output>
        </test-method> <!-- setUp -->
        <test-method signature="loginPageTitleTest()[pri:1, instance:com.ccrm.qa.testcases.LoginPageTest@4d5d943d]" started-at="2024-01-23T12:41:37 IST" name="loginPageTitleTest" finished-at="2024-01-23T12:41:37 IST" duration-ms="34" status="PASS">
          <reporter-output>
          </reporter-output>
        </test-method> <!-- loginPageTitleTest -->
        <test-method is-config="true" signature="tearDown()[pri:0, instance:com.ccrm.qa.testcases.LoginPageTest@4d5d943d]" started-at="2024-01-23T12:41:37 IST" name="tearDown" finished-at="2024-01-23T12:41:37 IST" duration-ms="356" status="PASS">
          <reporter-output>
          </reporter-output>
        </test-method> <!-- tearDown -->
        <test-method is-config="true" signature="setUp()[pri:0, instance:com.ccrm.qa.testcases.LoginPageTest@4d5d943d]" started-at="2024-01-23T12:41:37 IST" name="setUp" finished-at="2024-01-23T12:41:44 IST" duration-ms="6643" status="PASS">
          <reporter-output>
          </reporter-output>
        </test-method> <!-- setUp -->
        <test-method signature="loginTest()[pri:2, instance:com.ccrm.qa.testcases.LoginPageTest@4d5d943d]" started-at="2024-01-23T12:41:44 IST" name="loginTest" finished-at="2024-01-23T12:41:44 IST" duration-ms="643" status="PASS">
          <reporter-output>
          </reporter-output>
        </test-method> <!-- loginTest -->
        <test-method is-config="true" signature="tearDown()[pri:0, instance:com.ccrm.qa.testcases.LoginPageTest@4d5d943d]" started-at="2024-01-23T12:41:44 IST" name="tearDown" finished-at="2024-01-23T12:41:45 IST" duration-ms="290" status="PASS">
          <reporter-output>
          </reporter-output>
        </test-method> <!-- tearDown -->
      </class> <!-- com.ccrm.qa.testcases.LoginPageTest -->
    </test> <!-- Default test -->
  </suite> <!-- Default suite -->
</testng-results>
